[27/63] python3 tools/java_parse_guard_116431.py
Targeted Java parse guard v11.64.31: PASS (Java 17 self-test + 10 Forge parse checks)
[28/63] python3 tools/tc4_116430_fertility_lamp_full_closure_guard.py
TC4 v11.64.30 Fertility Lamp full-closure guard: PASS
[29/63] python3 tools/java_parse_guard_116430.py
Targeted Java parse guard v11.64.30: PASS (Java 17 self-test + 8 Forge parse checks)
[30/63] python3 tools/tc4_116429_growth_lamp_full_closure_guard.py
TC4 v11.64.29 Growth Lamp full-closure guard: PASS
[31/63] python3 tools/java_parse_guard_116429.py
Targeted Java parse guard v11.64.29: PASS (Java 17 self-test + 8 Forge parse checks)
[32/63] python3 tools/tc4_116428_infernal_furnace_full_closure_guard.py
TC4 v11.64.28 Infernal Furnace full-closure guard: PASS
[33/63] python3 tools/java_parse_guard_116428.py
Targeted Java parse guard v11.64.28: PASS (Java 17 self-test + 10 Forge parse checks)
[34/63] python3 tools/tc4_116427_research_system_full_closure_guard.py
TC4 v11.64.27 research-system full-closure guard: PASS
[35/63] python3 tools/tc4_116426_thaumonomicon_full_closure_guard.py
TC4 v11.64.26 Thaumonomicon full-closure guard: PASS (286 GameTests; 849 scenarios; core source/resource/prompt; external acquisition boundaries explicit)
[36/63] python3 tools/tc4_116425_thaumometer_full_closure_guard.py
TC4 v11.64.25 Thaumometer full-closure guard: PASS (286 GameTests; 849 scenarios; source/resource/prompt)
[37/63] python3 tools/tc4_116424_arcane_bore_full_closure_guard.py
TC4 v11.64.24 Arcane Bore full-closure guard: PASS (286 GameTests; 849 scenarios; source/resource/prompt)
[38/63] python3 tools/tc4_116423_arcane_spa_full_closure_guard.py
TC4 v11.64.23 Arcane Spa full-closure guard: PASS (286 GameTests; 849 scenarios; source/resource/prompt)
[39/63] python3 tools/tc4_116422_arcane_lamp_full_closure_guard.py
TC4 v11.64.22 Arcane Lamp full-closure guard: PASS (286 GameTests; 849 scenarios; source/resource/prompt)
[40/63] python3 tools/tc4_116421_arcane_pressure_plate_full_closure_guard.py
TC4 v11.64.21 Arcane Pressure Plate full-closure guard: PASS (286 GameTests; 849 scenarios; source/resource/prompt)
SEGMENT PASS 27-40
