[1/17] python3 tools/tc4_116411_sun_scorned_brightness_guard.py
TC4 v11.64.11 Sun Scorned brightness guard: PASS (144 GameTests; 472 scenarios; brightness table + exact strict thresholds/rolls)
[2/17] python3 tools/tc4_116410_death_gaze_cone_guard.py
TC4 v11.64.10 Death Gaze cone guard: PASS (144 GameTests; 472 scenarios; exact aperture/body midpoint/round cap/pickable gate)
[3/17] python3 tools/tc4_116409_warp_research_pool_sync_guard.py
TC4 v11.64.09 warp research pool sync guard: PASS (144 GameTests; 472 scenarios; exact primal roll + aggregate client pool sync)
[4/17] python3 tools/tc4_116408_eldritch_milestone_grant_guard.py
TC4 v11.64.08 eldritch milestone guard: PASS (144 GameTests; 472 scenarios; MINOR/MAJOR grant research 10/20 silently, no fabricated chat)
[5/17] python3 tools/tc4_116407_warp_message_parity_guard.py
TC4 v11.64.07 warp message guard: PASS (144 GameTests; 472 scenarios; warp.text.8 correctly placed on the BATHSALTS milestone, blurred-vision shows no line)
[6/17] python3 tools/tc4_116405_warp_spawn_collision_guard.py
TC4 v11.64.05+ warp spawn collision guard: PASS (144 GameTests; 472 scenarios; entity-aware collision/liquid admission production-linked)
[7/17] python3 tools/tc4_116404_warp_spawn_offset_guard.py
TC4 v11.64.04+ warp spawn guard: PASS (144 GameTests; 472 scenarios; original -1/0/+1 offsets production-linked)
[8/17] python3 tools/tc4_116403_warp_runtime_guard.py
TC4 v11.64.03 warp runtime guard: PASS (cumulative GameTests/scenarios; spread curatives and cleansing source-linked)
[9/17] python3 tools/tc4_116281_warp_eldritch_parity_guard.py
Warp/Eldritch parity guard: 50/50
STATIC SOURCE/NETWORK CONTRACT PASS; runtime remains NOT TESTED
[10/17] python3 tools/warp_runtime_selftest.py
Warp runtime pure-Java self-test: PASS (spread downgrade, curative contract, soap chance/consumption, ward duration, original tri-state (-1/0/+1) offsets, entity-aware collision/liquid admission, BATHSALTS milestone message key, Sun Scorned brightness-table thresholds/rolls, and exact Death Gaze aperture/round-cap geometry)
[11/17] python3 tools/java_parse_guard_116411.py
Targeted Java parse guard v11.64.11: PASS (3 changed Java files; pure contract compiled with --release 17)
[12/17] python3 tools/java_syntax_guard.py
Java syntax guard: OK
[13/17] python3 tools/validate_json_resources.py
JSON resource validation: OK (2049 files)
[14/17] python3 tools/validate_runtime_manifest.py --manifest runtime_artifacts/runtime_test_manifest.template.json --version 11.64.11 --template
runtime manifest: PASS (472 tests; template=True)
[15/17] python3 tools/tc4_recipe_registration_denominator_guard.py
TC4 recipe registration denominator guard: PASS (258/258 STATICALLY MAPPED; Arcane 104+5; smelting bonuses 18 separate; runtime NOT VERIFIED)
[16/17] python3 tools/tc4_116394_source_inventory_guard.py
Source inventory guard: PASS (entity 38, menu 21, item 39, network 38, blockentity 51 top-level Java files)
Note: source-file counts are packaging inventory, not original TC4 runtime registration denominators.
[17/17] python3 tools/tc4_116394_parity_consolidation_guard.py
TC4 v11.63.94 parity consolidation guard: PASS (144 GameTests; 472 manifest scenarios; source-linked contracts retained)
FOCUSED STATIC CI v11.64.11: PASS (17/17, split execution due single-command time limit)
