[1/13] python3 tools/tc4_116409_warp_research_pool_sync_guard.py
TC4 v11.64.09 warp research pool sync guard: PASS (142 GameTests; 470 scenarios; exact primal roll + aggregate client pool sync)
[2/13] python3 tools/tc4_116408_eldritch_milestone_grant_guard.py
TC4 v11.64.08 eldritch milestone guard: PASS (142 GameTests; 470 scenarios; MINOR/MAJOR grant research 10/20 silently, no fabricated chat)
[3/13] python3 tools/tc4_116407_warp_message_parity_guard.py
TC4 v11.64.07 warp message guard: PASS (142 GameTests; 470 scenarios; warp.text.8 correctly placed on the BATHSALTS milestone, blurred-vision shows no line)
[4/13] python3 tools/tc4_116405_warp_spawn_collision_guard.py
TC4 v11.64.05+ warp spawn collision guard: PASS (142 GameTests; 470 scenarios; entity-aware collision/liquid admission production-linked)
[5/13] python3 tools/tc4_116404_warp_spawn_offset_guard.py
TC4 v11.64.04+ warp spawn guard: PASS (142 GameTests; 470 scenarios; original -1/0/+1 offsets production-linked)
[6/13] python3 tools/tc4_116403_warp_runtime_guard.py
TC4 v11.64.03 warp runtime guard: PASS (cumulative GameTests/scenarios; spread curatives and cleansing source-linked)
[7/13] python3 tools/tc4_116281_warp_eldritch_parity_guard.py
Warp/Eldritch parity guard: 50/50
STATIC SOURCE/NETWORK CONTRACT PASS; runtime remains NOT TESTED
[8/13] python3 tools/java_syntax_guard.py
Java syntax guard: OK
[9/13] python3 tools/validate_json_resources.py
JSON resource validation: OK (2049 files)
[10/13] python3 tools/validate_runtime_manifest.py --manifest runtime_artifacts/runtime_test_manifest.template.json --version 11.64.09 --template
runtime manifest: PASS (470 tests; template=True)
[11/13] python3 tools/tc4_recipe_registration_denominator_guard.py
TC4 recipe registration denominator guard: PASS (258/258 STATICALLY MAPPED; Arcane 104+5; smelting bonuses 18 separate; runtime NOT VERIFIED)
[12/13] python3 tools/tc4_116394_source_inventory_guard.py
Source inventory guard: PASS (entity 38, menu 21, item 39, network 38, blockentity 51 top-level Java files)
Note: source-file counts are packaging inventory, not original TC4 runtime registration denominators.
[13/13] python3 tools/tc4_116394_parity_consolidation_guard.py
TC4 v11.63.94 parity consolidation guard: PASS (142 GameTests; 470 manifest scenarios; source-linked contracts retained)
FOCUSED STATIC CI v11.64.09: PASS (13/13)
