TC4 v11.64.12 FOCUSED STATIC CI FINAL
Execution mode: SPLIT (single runner timed out after check 12 while entering full java_syntax_guard)
Confirmed result: 18/18 PASS across the initial and remainder runs.

[1/18] python3 tools/tc4_116412_unnatural_hunger_food_guard.py
TC4 v11.64.12 Unnatural Hunger food guard: PASS (145 GameTests; 473 scenarios; 600 ticks + one amplifier + exact messages)
[2/18] python3 tools/tc4_116411_sun_scorned_brightness_guard.py
TC4 v11.64.11 Sun Scorned brightness guard: PASS (145 GameTests; 473 scenarios; brightness table + exact strict thresholds/rolls)
[3/18] python3 tools/tc4_116410_death_gaze_cone_guard.py
TC4 v11.64.10 Death Gaze cone guard: PASS (145 GameTests; 473 scenarios; exact aperture/body midpoint/round cap/pickable gate)
[4/18] python3 tools/tc4_116409_warp_research_pool_sync_guard.py
TC4 v11.64.09 warp research pool sync guard: PASS (145 GameTests; 473 scenarios; exact primal roll + aggregate client pool sync)
[5/18] python3 tools/tc4_116408_eldritch_milestone_grant_guard.py
TC4 v11.64.08 eldritch milestone guard: PASS (145 GameTests; 473 scenarios; MINOR/MAJOR grant research 10/20 silently, no fabricated chat)
[6/18] python3 tools/tc4_116407_warp_message_parity_guard.py
TC4 v11.64.07 warp message guard: PASS (145 GameTests; 473 scenarios; warp.text.8 correctly placed on the BATHSALTS milestone, blurred-vision shows no line)
[7/18] python3 tools/tc4_116405_warp_spawn_collision_guard.py
TC4 v11.64.05+ warp spawn collision guard: PASS (145 GameTests; 473 scenarios; entity-aware collision/liquid admission production-linked)
[8/18] python3 tools/tc4_116404_warp_spawn_offset_guard.py
TC4 v11.64.04+ warp spawn guard: PASS (145 GameTests; 473 scenarios; original -1/0/+1 offsets production-linked)
[9/18] python3 tools/tc4_116403_warp_runtime_guard.py
TC4 v11.64.03 warp runtime guard: PASS (cumulative GameTests/scenarios; spread curatives and cleansing source-linked)
[10/18] python3 tools/tc4_116281_warp_eldritch_parity_guard.py
Warp/Eldritch parity guard: 50/50
STATIC SOURCE/NETWORK CONTRACT PASS; runtime remains NOT TESTED
[11/18] python3 tools/warp_runtime_selftest.py
Warp runtime pure-Java self-test: PASS (spread downgrade, curative contract, soap chance/consumption, ward duration, original tri-state (-1/0/+1) offsets, entity-aware collision/liquid admission, BATHSALTS milestone message key, Unnatural Hunger 600-tick/one-amplifier food reduction, Sun Scorned brightness-table thresholds/rolls, and exact Death Gaze aperture/round-cap geometry)
[12/18] python3 tools/java_parse_guard_116412.py
Targeted Java parse guard v11.64.12: PASS (3 changed Java files; pure contract compiled with --release 17)

--- REMAINDER 13-18 ---
[13/18] python3 tools/java_syntax_guard.py
Java syntax guard: OK
[14/18] python3 tools/validate_json_resources.py
JSON resource validation: OK (2049 files)
[15/18] manifest
runtime manifest: PASS (473 tests; template=True)
[16/18] recipes
TC4 recipe registration denominator guard: PASS (258/258 STATICALLY MAPPED; Arcane 104+5; smelting bonuses 18 separate; runtime NOT VERIFIED)
[17/18] source inventory
Source inventory guard: PASS (entity 38, menu 21, item 39, network 38, blockentity 51 top-level Java files)
Note: source-file counts are packaging inventory, not original TC4 runtime registration denominators.
[18/18] consolidation
TC4 v11.63.94 parity consolidation guard: PASS (145 GameTests; 473 manifest scenarios; source-linked contracts retained)

FINAL: PASS 18/18 (split execution); Forge build/runtime NOT VERIFIED.
