TC4 v11.64.01 FOCUSED STATIC CI — FINAL RECHECK

[1/16] python tools/tc4_116401_research_note_completion_guard.py
TC4 v11.64.01 Research Note completion guard: PASS (128 GameTests; 456 manifest scenarios; completion/discovery transactions)
[2/16] python tools/research_note_completion_selftest.py
TC4 v11.64.01 Research Note completion self-test: PASS
[3/16] python tools/tc4_116400_research_note_clear_guard.py
TC4 v11.64.00 Research Note clear guard: PASS (122 GameTests; 450 manifest scenarios; atomic clear/refund parity)
[4/16] python tools/research_note_clear_selftest.py
TC4 v11.64.00 Research Note clear self-test: PASS
[5/16] python tools/tc4_116399_research_note_graph_guard.py
TC4 v11.63.99 Research Note graph guard: PASS (128 GameTests; 456 manifest scenarios; original empty-hex rule + atomic server edit)
[6/16] python tools/research_note_graph_selftest.py
TC4 v11.63.99 Research Note graph self-test: PASS
[7/16] python tools/tc4_116398_research_mastery_combination_guard.py
TC4 v11.63.98 Research Mastery combination guard: PASS (128 GameTests; 456 manifest scenarios; atomic production debit retained)
[8/16] python tools/research_mastery_combination_selftest.py
TC4 v11.63.98 combination parity self-test: PASS
[9/16] python tools/tc4_116397_research_table_behavior_guard.py
TC4 v11.63.97 Research Table behavior guard: PASS (128 GameTests; 456 manifest scenarios; real BE NBT/cadence coverage retained)
[10/16] python tools/tc4_116396_research_efficiency_parity_guard.py
TC4 v11.63.96 Research efficiency parity guard: PASS (128 GameTests; 456 manifest scenarios; Mastery ordering production-linked)
[11/16] python tools/tc4_116395_thaumometer_parity_guard.py
TC4 v11.63.95 Thaumometer parity guard: PASS (128 GameTests; 456 manifest scenarios; production-linked timing/target contracts)
[12/16] python tools/tc4_116394_parity_consolidation_guard.py
TC4 v11.63.94 parity consolidation guard: PASS (128 GameTests; 456 manifest scenarios; source-linked contracts retained)
[13/16] python tools/tc4_116394_source_inventory_guard.py
Source inventory guard: PASS (entity 38, menu 21, item 39, network 38, blockentity 51 top-level Java files)
Note: source-file counts are packaging inventory, not original TC4 runtime registration denominators.
[14/16] python tools/tc4_116282_research_workflow_parity_guard.py
TC4 11.63.10 research workflow parity guard: PASS (25/25 checks)
[15/16] python tools/tc4_116335_research_utility_aliases_guard.py
TC4 v11.63.35 research utility aliases and sanity HUD guard: PASS
[16/16] python tools/java_syntax_guard.py
Java syntax guard: OK
HEAD RECHECK: 16/16 PASS

[17/20] python tools/java_parse_guard_116401.py
Targeted Java parse guard v11.64.01: PASS (6 changed Java files; pure contract compiled)
[18/20] python tools/validate_json_resources.py
JSON resource validation: OK (2049 files)
[19/20] python tools/validate_runtime_manifest.py --manifest runtime_artifacts/runtime_test_manifest.template.json --version 11.64.01 --template
runtime manifest: PASS (456 tests; template=True)
[20/20] python tools/tc4_recipe_registration_denominator_guard.py
TC4 recipe registration denominator guard: PASS (258/258 STATICALLY MAPPED; Arcane 104+5; smelting bonuses 18 separate; runtime NOT VERIFIED)
TAIL RECHECK: 4/4 PASS

SUMMARY: 20/20 PASS (16 + 4 split execution)
GRADLE BUILD: NOT OBTAINED
FORGE GAMETEST RUNTIME: NOT VERIFIED
