[1/24] python3 tools/tc4_116417_tallow_candle_full_closure_guard.py
TC4 v11.64.17 Tallow Candle full-closure guard: PASS (162 GameTests; 534 scenarios; 16 colours/geometry/UV/resources/recipes/research/aspects/prompt)
[2/24] python3 tools/tc4_116320_tallow_candle_parity_guard.py
TC4 v11.64.17 Tallow Candle full-closure guard: PASS (162 GameTests; 534 scenarios; 16 colours/geometry/UV/resources/recipes/research/aspects/prompt)
TC4 v11.63.20 Tallow Candle historical guard: PASS via superseding v11.64.17 full-closure contract
[3/24] python3 tools/tc4_116416_hungry_chest_full_closure_guard.py
TC4 v11.64.16 Hungry Chest full-closure guard: PASS (162 GameTests; 534 scenarios; collision/insertion/lid/drops/NBT/model/recipe/research/prompt)
[4/24] python3 tools/tc4_116415_brain_jar_full_closure_guard.py
TC4 v11.64.15 Brain Jar full-closure guard: PASS (162 GameTests; 534 scenarios; XP/NBT/model/brine/particle/item-warp/recipe/research/prompt)
[5/24] python3 tools/tc4_116414_bath_salts_full_closure_guard.py
TC4 v11.64.14 Bath Salts full-closure guard: PASS (162 GameTests; 534 scenarios; item/fluid/ward/particle/bucket/recipe/research/spa)
[6/24] python3 tools/tc4_116413_unnatural_hunger_full_closure_guard.py
TC4 v11.64.13 Unnatural Hunger full-closure guard: PASS (162 GameTests; 534 scenarios; exact runtime + food + icon + post chain)
[7/24] python3 tools/tc4_116412_unnatural_hunger_food_guard.py
TC4 v11.64.13 Unnatural Hunger full-closure guard: PASS (162 GameTests; 534 scenarios; exact runtime + food + icon + post chain)
TC4 v11.64.12 Unnatural Hunger food guard: PASS (forward-compatible via v11.64.13 full closure)
[8/24] python3 tools/tc4_116411_sun_scorned_brightness_guard.py
TC4 v11.64.11 Sun Scorned brightness guard: PASS (162 GameTests; 534 scenarios; brightness table + exact strict thresholds/rolls)
[9/24] python3 tools/tc4_116410_death_gaze_cone_guard.py
TC4 v11.64.10 Death Gaze cone guard: PASS (162 GameTests; 534 scenarios; exact aperture/body midpoint/round cap/pickable gate)
[10/24] python3 tools/tc4_116409_warp_research_pool_sync_guard.py
TC4 v11.64.09 warp research pool sync guard: PASS (162 GameTests; 534 scenarios; exact primal roll + aggregate client pool sync)
[11/24] python3 tools/tc4_116408_eldritch_milestone_grant_guard.py
TC4 v11.64.08 eldritch milestone guard: PASS (162 GameTests; 534 scenarios; MINOR/MAJOR grant research 10/20 silently, no fabricated chat)
[12/24] python3 tools/tc4_116407_warp_message_parity_guard.py
TC4 v11.64.07 warp message guard: PASS (162 GameTests; 534 scenarios; warp.text.8 correctly placed on the BATHSALTS milestone, blurred-vision shows no line)
[13/24] python3 tools/tc4_116405_warp_spawn_collision_guard.py
TC4 v11.64.05+ warp spawn collision guard: PASS (162 GameTests; 534 scenarios; entity-aware collision/liquid admission production-linked)
[14/24] python3 tools/tc4_116404_warp_spawn_offset_guard.py
TC4 v11.64.04+ warp spawn guard: PASS (162 GameTests; 534 scenarios; original -1/0/+1 offsets production-linked)
[15/24] python3 tools/tc4_116403_warp_runtime_guard.py
TC4 v11.64.03 warp runtime guard: PASS (cumulative GameTests/scenarios; spread curatives and cleansing source-linked)
[16/24] python3 tools/tc4_116281_warp_eldritch_parity_guard.py
Warp/Eldritch parity guard: 50/50
STATIC SOURCE/NETWORK CONTRACT PASS; runtime remains NOT TESTED
[17/24] python3 tools/warp_runtime_selftest.py
Warp runtime pure-Java self-test: PASS (spread downgrade, curative contract, soap chance/consumption, ward duration, original tri-state (-1/0/+1) offsets, entity-aware collision/liquid admission, BATHSALTS milestone message key, Unnatural Hunger 600-tick/one-amplifier food reduction, Sun Scorned brightness-table thresholds/rolls, and exact Death Gaze aperture/round-cap geometry)
[18/24] python3 tools/java_parse_guard_116417.py
Targeted Java parse guard v11.64.17: PASS (pure Java 17 self-test + 8 Forge source parse checks)
[19/24] python3 tools/java_syntax_guard.py
Java syntax guard: OK
[20/24] python3 tools/validate_json_resources.py
JSON resource validation: OK (2052 files)
[21/24] python3 tools/validate_runtime_manifest.py --manifest runtime_artifacts/runtime_test_manifest.template.json --version 11.64.17 --template
runtime manifest: PASS (534 tests; template=True)
[22/24] python3 tools/tc4_recipe_registration_denominator_guard.py
TC4 recipe registration denominator guard: PASS (258/258 STATICALLY MAPPED; Arcane 104+5; smelting bonuses 18 separate; runtime NOT VERIFIED)
[23/24] python3 tools/tc4_116394_source_inventory_guard.py
Source inventory guard: PASS (entity 38, menu 21, item 39, network 38, blockentity 53 top-level Java files)
Note: source-file counts are packaging inventory, not original TC4 runtime registration denominators.
[24/24] python3 tools/tc4_116394_parity_consolidation_guard.py
TC4 v11.63.94 parity consolidation guard: PASS (162 GameTests; 534 manifest scenarios; source-linked contracts retained)
FOCUSED STATIC CI v11.64.17: PASS (24/24)
