[1/57] python3 tools/tc4_116435_essentia_jar_full_closure_guard.py
TC4 v11.64.35 essentia jar full-closure guard: PASS (274 GameTests, 807 scenarios, 14 exact assets)
[2/57] python3 tools/java_parse_guard_116435.py
Targeted Java parse guard v11.64.35: PASS (Java 17 self-test + 15 Forge parse checks)
[3/57] python3 tools/tc4_116355_essentia_storage_mirror_runtime_guard.py
TC4 v11.63.55 essentia runtime guard: PASS (32 GameTests, 360 scenarios)
[4/57] python3 tools/tc4_116356_essentia_tube_transport_runtime_guard.py
TC4 v11.63.56 essentia tube runtime guard: PASS (36 GameTests, 364 scenarios)
[5/57] python3 tools/tc4_116372_essentia_parity_guard.py
TC4 v11.63.72 essentia parity guard: PASS (baseline 89/417; forward-compatible current release)
[6/57] python3 tools/tc4_116434_infusion_altar_full_closure_guard.py
TC4 v11.64.34 infusion altar full-closure guard: PASS
[7/57] python3 tools/java_parse_guard_116434.py
Targeted Java parse guard v11.64.34: PASS (Java 17 self-test + 16 Forge parse checks)
[8/57] python3 tools/tc4_116359_infusion_stability_runtime_guard.py
TC4 v11.63.59 infusion stability guard: PASS (48 GameTests, 376 scenarios)
[9/57] python3 tools/tc4_116360_infusion_lifecycle_runtime_guard.py
TC4 v11.63.60 infusion lifecycle guard: PASS (52 GameTests, 380 scenarios)
[10/57] python3 tools/tc4_116361_infusion_pause_resume_runtime_guard.py
TC4 v11.63.61 infusion pause/resume guard: PASS (56 GameTests, 384 scenarios)
[11/57] python3 tools/tc4_116362_infusion_save_reload_runtime_guard.py
TC4 v11.63.62 infusion save/reload guard: PASS (61 GameTests, 389 scenarios)
[12/57] python3 tools/tc4_116363_infusion_instability_event_table_guard.py
TC4 v11.63.63 infusion instability event table guard: PASS (66 GameTests, 394 scenarios)
[13/57] python3 tools/tc4_116364_infusion_shortage_instability_guard.py
TC4 v11.63.64 infusion shortage instability guard: PASS (71 GameTests, 399 scenarios)
[14/57] python3 tools/tc4_116433_wand_foci_full_closure_guard.py
TC4 v11.64.33 wand foci full-closure guard: PASS
[15/57] python3 tools/java_parse_guard_116433.py
Targeted Java parse guard v11.64.33: PASS (Java 17 self-test + 15 Forge parse checks)
[16/57] python3 tools/tc4_116432_wand_rods_caps_full_closure_guard.py
TC4 v11.64.32 Wand rods/caps full-closure guard: PASS
[17/57] python3 tools/java_parse_guard_116432.py
Targeted Java parse guard v11.64.32: PASS (Java 17 self-test + 11 Forge parse checks)
[18/57] python3 tools/tc4_116371_wand_parity_guard.py
TC4 v11.63.71 wand parity guard: PASS (274 current GameTests; restored baseline 85/413)
[19/57] python3 tools/tc4_116332_wand_component_families_parity_guard.py
TC4 v11.63.52 duplicate registry purge guard: PASS (63 aliases removed, 19 GameTests, 347 scenarios)
tc4_116332_wand_component_families_parity_guard.py: PASS (legacy duplicate expectations superseded by canonical registry purge)
[20/57] python3 tools/tc4_116431_arcane_workbench_full_closure_guard.py
TC4 v11.64.31 Arcane Workbench full-closure guard: PASS
[21/57] python3 tools/java_parse_guard_116431.py
Targeted Java parse guard v11.64.31: PASS (Java 17 self-test + 10 Forge parse checks)
[22/57] python3 tools/tc4_116430_fertility_lamp_full_closure_guard.py
TC4 v11.64.30 Fertility Lamp full-closure guard: PASS
[23/57] python3 tools/java_parse_guard_116430.py
Targeted Java parse guard v11.64.30: PASS (Java 17 self-test + 8 Forge parse checks)
[24/57] python3 tools/tc4_116429_growth_lamp_full_closure_guard.py
TC4 v11.64.29 Growth Lamp full-closure guard: PASS
[25/57] python3 tools/java_parse_guard_116429.py
Targeted Java parse guard v11.64.29: PASS (Java 17 self-test + 8 Forge parse checks)
[26/57] python3 tools/tc4_116428_infernal_furnace_full_closure_guard.py
TC4 v11.64.28 Infernal Furnace full-closure guard: PASS
[27/57] python3 tools/java_parse_guard_116428.py
Targeted Java parse guard v11.64.28: PASS (Java 17 self-test + 10 Forge parse checks)
[28/57] python3 tools/tc4_116427_research_system_full_closure_guard.py
TC4 v11.64.27 research-system full-closure guard: PASS
[29/57] python3 tools/tc4_116426_thaumonomicon_full_closure_guard.py
TC4 v11.64.26 Thaumonomicon full-closure guard: PASS (274 GameTests; 807 scenarios; core source/resource/prompt; external acquisition boundaries explicit)
[30/57] python3 tools/tc4_116425_thaumometer_full_closure_guard.py
TC4 v11.64.25 Thaumometer full-closure guard: PASS (274 GameTests; 807 scenarios; source/resource/prompt)
[31/57] python3 tools/tc4_116424_arcane_bore_full_closure_guard.py
TC4 v11.64.24 Arcane Bore full-closure guard: PASS (274 GameTests; 807 scenarios; source/resource/prompt)
[32/57] python3 tools/tc4_116423_arcane_spa_full_closure_guard.py
TC4 v11.64.23 Arcane Spa full-closure guard: PASS (274 GameTests; 807 scenarios; source/resource/prompt)
[33/57] python3 tools/tc4_116422_arcane_lamp_full_closure_guard.py
TC4 v11.64.22 Arcane Lamp full-closure guard: PASS (274 GameTests; 807 scenarios; source/resource/prompt)
[34/57] python3 tools/tc4_116421_arcane_pressure_plate_full_closure_guard.py
TC4 v11.64.21 Arcane Pressure Plate full-closure guard: PASS (274 GameTests; 807 scenarios; source/resource/prompt)
[35/57] python3 tools/tc4_116420_arcane_levitator_full_closure_guard.py
TC4 v11.64.20 Arcane Levitator full-closure guard: PASS (274 GameTests; 807 scenarios; source/resource/prompt)
[36/57] python3 tools/tc4_116419_arcane_ear_full_closure_guard.py
TC4 v11.64.19 Arcane Ear full-closure guard: PASS (274 GameTests; 807 scenarios; source/resource/prompt)
[37/57] python3 tools/tc4_116418_arcane_bellows_full_closure_guard.py
TC4 v11.64.18 Arcane Bellows full-closure guard: PASS (274 GameTests; 807 scenarios; source/resource/prompt/external-contract)
[38/57] python3 tools/tc4_116417_tallow_candle_full_closure_guard.py
TC4 v11.64.17 Tallow Candle full-closure guard: PASS (274 GameTests; 807 scenarios; 16 colours/geometry/UV/resources/recipes/research/aspects/prompt)
[39/57] python3 tools/tc4_116416_hungry_chest_full_closure_guard.py
TC4 v11.64.16 Hungry Chest full-closure guard: PASS (274 GameTests; 807 scenarios; collision/insertion/lid/drops/NBT/model/recipe/research/prompt)
[40/57] python3 tools/tc4_116415_brain_jar_full_closure_guard.py
TC4 v11.64.15 Brain Jar full-closure guard: PASS (274 GameTests; 807 scenarios; XP/NBT/model/brine/particle/item-warp/recipe/research/prompt)
[41/57] python3 tools/tc4_116414_bath_salts_full_closure_guard.py
TC4 v11.64.14 Bath Salts full-closure guard: PASS (274 GameTests; 807 scenarios; item/fluid/ward/particle/bucket/recipe/research/spa)
[42/57] python3 tools/tc4_116413_unnatural_hunger_full_closure_guard.py
TC4 v11.64.13 Unnatural Hunger full-closure guard: PASS (274 GameTests; 807 scenarios; exact runtime + food + icon + post chain)
SLICE PASS 27-42
[43/57] python3 tools/tc4_116412_unnatural_hunger_food_guard.py
TC4 v11.64.13 Unnatural Hunger full-closure guard: PASS (274 GameTests; 807 scenarios; exact runtime + food + icon + post chain)
TC4 v11.64.12 Unnatural Hunger food guard: PASS (forward-compatible via v11.64.13 full closure)
[44/57] python3 tools/tc4_116411_sun_scorned_brightness_guard.py
TC4 v11.64.11 Sun Scorned brightness guard: PASS (274 GameTests; 807 scenarios; brightness table + exact strict thresholds/rolls)
[45/57] python3 tools/tc4_116410_death_gaze_cone_guard.py
TC4 v11.64.10 Death Gaze cone guard: PASS (274 GameTests; 807 scenarios; exact aperture/body midpoint/round cap/pickable gate)
[46/57] python3 tools/tc4_116409_warp_research_pool_sync_guard.py
TC4 v11.64.09 warp research pool sync guard: PASS (274 GameTests; 807 scenarios; exact primal roll + aggregate client pool sync)
[47/57] python3 tools/tc4_116408_eldritch_milestone_grant_guard.py
TC4 v11.64.08 eldritch milestone guard: PASS (274 GameTests; 807 scenarios; MINOR/MAJOR grant research 10/20 silently, no fabricated chat)
[48/57] python3 tools/tc4_116407_warp_message_parity_guard.py
TC4 v11.64.07 warp message guard: PASS (274 GameTests; 807 scenarios; warp.text.8 correctly placed on the BATHSALTS milestone, blurred-vision shows no line)
[49/57] python3 tools/tc4_116405_warp_spawn_collision_guard.py
TC4 v11.64.05+ warp spawn collision guard: PASS (274 GameTests; 807 scenarios; entity-aware collision/liquid admission production-linked)
[50/57] python3 tools/tc4_116404_warp_spawn_offset_guard.py
TC4 v11.64.04+ warp spawn guard: PASS (274 GameTests; 807 scenarios; original -1/0/+1 offsets production-linked)
[51/57] python3 tools/tc4_116403_warp_runtime_guard.py
TC4 v11.64.03 warp runtime guard: PASS (cumulative GameTests/scenarios; spread curatives and cleansing source-linked)
[52/57] python3 tools/java_syntax_guard.py
Java syntax guard: OK
[53/57] python3 tools/validate_json_resources.py
JSON resource validation: OK (2189 files)
[54/57] python3 tools/validate_runtime_manifest.py --manifest runtime_artifacts/runtime_test_manifest.template.json --version 11.64.35 --template
runtime manifest: PASS (807 tests; template=True)
[55/57] python3 tools/tc4_recipe_registration_denominator_guard.py
TC4 recipe registration denominator guard: PASS (258/258 STATICALLY MAPPED; Arcane 104+5; smelting bonuses 18 separate; runtime NOT VERIFIED)
[56/57] python3 tools/tc4_116394_source_inventory_guard.py
Source inventory guard: PASS (entity 38, menu 21, item 39, network 38, blockentity 54+ top-level Java files)
Note: source-file counts are packaging inventory, not original TC4 runtime registration denominators.
[57/57] python3 tools/tc4_116394_parity_consolidation_guard.py
TC4 v11.63.94 parity consolidation guard: PASS (274 GameTests; 807 manifest scenarios; source-linked contracts retained)
SLICE PASS 43-57
FOCUSED STATIC CI v11.64.35: PASS (57/57)
