[1/11] python3 tools/tc4_116404_warp_spawn_offset_guard.py
TC4 v11.64.04 warp spawn guard: PASS (137 GameTests; 465 scenarios; original -1/0/+1 offsets production-linked)
[2/11] python3 tools/tc4_116403_warp_runtime_guard.py
TC4 v11.64.03 warp runtime guard: PASS (cumulative GameTests/scenarios; spread curatives and cleansing source-linked)
[3/11] python3 tools/tc4_116281_warp_eldritch_parity_guard.py
Warp/Eldritch parity guard: 50/50
STATIC SOURCE/NETWORK CONTRACT PASS; runtime remains NOT TESTED
[4/11] python3 tools/warp_runtime_selftest.py
Warp runtime pure-Java self-test: PASS (spread downgrade, curative contract, soap chance/consumption, ward duration, original tri-state (-1/0/+1) spawn offsets)
[5/11] python3 tools/java_parse_guard_116404.py
Targeted Java parse guard v11.64.04: PASS (3 changed Java files; pure contract compiled)
[6/11] python3 tools/java_syntax_guard.py
Java syntax guard: OK
[7/11] python3 tools/validate_json_resources.py
JSON resource validation: OK (2049 files)
[8/11] python3 tools/validate_runtime_manifest.py --manifest runtime_artifacts/runtime_test_manifest.template.json --version 11.64.04 --template
runtime manifest: PASS (465 tests; template=True)
[9/11] python3 tools/tc4_recipe_registration_denominator_guard.py
TC4 recipe registration denominator guard: PASS (258/258 STATICALLY MAPPED; Arcane 104+5; smelting bonuses 18 separate; runtime NOT VERIFIED)
[10/11] python3 tools/tc4_116394_source_inventory_guard.py
Source inventory guard: PASS (entity 38, menu 21, item 39, network 38, blockentity 51 top-level Java files)
Note: source-file counts are packaging inventory, not original TC4 runtime registration denominators.
[11/11] python3 tools/tc4_116394_parity_consolidation_guard.py
TC4 v11.63.94 parity consolidation guard: PASS (137 GameTests; 465 manifest scenarios; source-linked contracts retained)
FOCUSED STATIC CI v11.64.04: PASS (11/11)
