[1/10] python tools/tc4_116396_research_efficiency_parity_guard.py
TC4 v11.63.96 Research efficiency parity guard: PASS (104 GameTests; 432 manifest scenarios; Mastery ordering production-linked)
[2/10] python tools/tc4_116395_thaumometer_parity_guard.py
TC4 v11.63.95 Thaumometer parity guard: PASS (104 GameTests; 432 manifest scenarios; production-linked timing/target contracts)
[3/10] python tools/tc4_116394_parity_consolidation_guard.py
TC4 v11.63.94 parity consolidation guard: PASS (104 GameTests; 432 manifest scenarios; source-linked contracts retained)
[4/10] python tools/tc4_116394_source_inventory_guard.py
Source inventory guard: PASS (entity 38, menu 21, item 39, network 38, blockentity 51 top-level Java files)
Note: source-file counts are packaging inventory, not original TC4 runtime registration denominators.
[5/10] python tools/tc4_116282_research_workflow_parity_guard.py
TC4 11.63.10 research workflow parity guard: PASS (25/25 checks)
[6/10] python tools/tc4_116335_research_utility_aliases_guard.py
TC4 v11.63.35 research utility aliases and sanity HUD guard: PASS
[7/10] python tools/java_parse_guard.py
Java parse guard: PASS (28 parity/GameTest files; unresolved Forge symbols ignored)
[8/10] python tools/validate_json_resources.py
JSON resource validation: OK (2049 files)
[9/10] python tools/validate_runtime_manifest.py --manifest runtime_artifacts/runtime_test_manifest.template.json --version 11.63.96 --template
runtime manifest: PASS (432 tests; template=True)
[10/10] python tools/tc4_recipe_registration_denominator_guard.py
TC4 recipe registration denominator guard: PASS (258/258 STATICALLY MAPPED; Arcane 104+5; smelting bonuses 18 separate; runtime NOT VERIFIED)
FOCUSED STATIC CI v11.63.96: PASS (10/10)
