[1/22] python tools/tc4_116402_research_completion_warp_guard.py
TC4 v11.64.02 research completion warp guard: PASS (131 GameTests; 459 scenarios; permanent/sticky split source-linked)
[2/22] python tools/research_completion_warp_selftest.py
Research completion warp pure-Java self-test: PASS (negative/0/1/even/odd split boundaries)
[3/22] python tools/tc4_116401_research_note_completion_guard.py
TC4 v11.64.01 Research Note completion guard: PASS (128 GameTests; 456 manifest scenarios; completion/discovery transactions)
[4/22] python tools/research_note_completion_selftest.py
TC4 v11.64.01 Research Note completion self-test: PASS
[5/22] python tools/tc4_116400_research_note_clear_guard.py
TC4 v11.64.00 Research Note clear guard: PASS (122 GameTests; 450 manifest scenarios; atomic clear/refund parity)
[6/22] python tools/research_note_clear_selftest.py
TC4 v11.64.00 Research Note clear self-test: PASS
[7/22] python tools/tc4_116399_research_note_graph_guard.py
TC4 v11.63.99 Research Note graph guard: PASS (131 GameTests; 459 manifest scenarios; original empty-hex rule + atomic server edit)
[8/22] python tools/research_note_graph_selftest.py
TC4 v11.63.99 Research Note graph self-test: PASS
[9/22] python tools/tc4_116398_research_mastery_combination_guard.py
TC4 v11.63.98 Research Mastery combination guard: PASS (131 GameTests; 459 manifest scenarios; atomic production debit retained)
[10/22] python tools/research_mastery_combination_selftest.py
TC4 v11.63.98 combination parity self-test: PASS
[11/22] python tools/tc4_116397_research_table_behavior_guard.py
TC4 v11.63.97 Research Table behavior guard: PASS (131 GameTests; 459 manifest scenarios; real BE NBT/cadence coverage retained)
[12/22] python tools/tc4_116396_research_efficiency_parity_guard.py
TC4 v11.63.96 Research efficiency parity guard: PASS (131 GameTests; 459 manifest scenarios; Mastery ordering production-linked)
[13/22] python tools/tc4_116395_thaumometer_parity_guard.py
TC4 v11.63.95 Thaumometer parity guard: PASS (131 GameTests; 459 manifest scenarios; production-linked timing/target contracts)
[14/22] python tools/tc4_116394_parity_consolidation_guard.py
TC4 v11.63.94 parity consolidation guard: PASS (131 GameTests; 459 manifest scenarios; source-linked contracts retained)
[15/22] python tools/tc4_116394_source_inventory_guard.py
Source inventory guard: PASS (entity 38, menu 21, item 39, network 38, blockentity 51 top-level Java files)
Note: source-file counts are packaging inventory, not original TC4 runtime registration denominators.
[16/22] python tools/tc4_116282_research_workflow_parity_guard.py
TC4 11.63.10 research workflow parity guard: PASS (25/25 checks)
[17/22] python tools/tc4_116335_research_utility_aliases_guard.py
TC4 v11.63.35 research utility aliases and sanity HUD guard: PASS
[18/22] python tools/java_syntax_guard.py
Java syntax guard: OK
[19/22] python tools/java_parse_guard_116402.py
Targeted Java parse guard v11.64.02: PASS (3 changed Java files; pure contract compiled)
[20/22] python tools/validate_json_resources.py
JSON resource validation: OK (2049 files)
[21/22] python tools/validate_runtime_manifest.py --manifest runtime_artifacts/runtime_test_manifest.template.json --version 11.64.02 --template
runtime manifest: PASS (459 tests; template=True)
[22/22] python tools/tc4_recipe_registration_denominator_guard.py
TC4 recipe registration denominator guard: PASS (258/258 STATICALLY MAPPED; Arcane 104+5; smelting bonuses 18 separate; runtime NOT VERIFIED)
FOCUSED STATIC CI v11.64.02: PASS (22/22; checks 1-19 and 20-22 completed in split runs)
