TC4 v11.64.37 FOCUSED STATIC CI — FINAL CONSOLIDATED LOG

Execution mode: segmented. The outer execution window stopped the first uninterrupted run after check 26.
Checks 27–57 were executed in continuation segments. Check 41 and check 58 initially exposed real
integration issues; production/manifest fixes were applied and those checks were rerun successfully.
Checks 59–61 were then executed successfully. PASS below means the corresponding command returned exit code 0.

[01/61] PASS  python3 tools/tc4_116437_alchemical_furnace_alembic_full_closure_guard.py
[02/61] PASS  python3 tools/java_parse_guard_116437.py
[03/61] PASS  python3 tools/tc4_116436_essentia_tube_full_closure_guard.py
[04/61] PASS  python3 tools/java_parse_guard_116436.py
[05/61] PASS  python3 tools/tc4_116435_essentia_jar_full_closure_guard.py
[06/61] PASS  python3 tools/java_parse_guard_116435.py
[07/61] PASS  python3 tools/tc4_116355_essentia_storage_mirror_runtime_guard.py
[08/61] PASS  python3 tools/tc4_116356_essentia_tube_transport_runtime_guard.py
[09/61] PASS  python3 tools/tc4_116372_essentia_parity_guard.py
[10/61] PASS  python3 tools/tc4_116434_infusion_altar_full_closure_guard.py
[11/61] PASS  python3 tools/java_parse_guard_116434.py
[12/61] PASS  python3 tools/tc4_116359_infusion_stability_runtime_guard.py
[13/61] PASS  python3 tools/tc4_116360_infusion_lifecycle_runtime_guard.py
[14/61] PASS  python3 tools/tc4_116361_infusion_pause_resume_runtime_guard.py
[15/61] PASS  python3 tools/tc4_116362_infusion_save_reload_runtime_guard.py
[16/61] PASS  python3 tools/tc4_116363_infusion_instability_event_table_guard.py
[17/61] PASS  python3 tools/tc4_116364_infusion_shortage_instability_guard.py
[18/61] PASS  python3 tools/tc4_116433_wand_foci_full_closure_guard.py
[19/61] PASS  python3 tools/java_parse_guard_116433.py
[20/61] PASS  python3 tools/tc4_116432_wand_rods_caps_full_closure_guard.py
[21/61] PASS  python3 tools/java_parse_guard_116432.py
[22/61] PASS  python3 tools/tc4_116371_wand_parity_guard.py
[23/61] PASS  python3 tools/tc4_116332_wand_component_families_parity_guard.py
[24/61] PASS  python3 tools/tc4_116431_arcane_workbench_full_closure_guard.py
[25/61] PASS  python3 tools/java_parse_guard_116431.py
[26/61] PASS  python3 tools/tc4_116430_fertility_lamp_full_closure_guard.py
[27/61] PASS  python3 tools/java_parse_guard_116430.py
[28/61] PASS  python3 tools/tc4_116429_growth_lamp_full_closure_guard.py
[29/61] PASS  python3 tools/java_parse_guard_116429.py
[30/61] PASS  python3 tools/tc4_116428_infernal_furnace_full_closure_guard.py
[31/61] PASS  python3 tools/java_parse_guard_116428.py
[32/61] PASS  python3 tools/tc4_116427_research_system_full_closure_guard.py
[33/61] PASS  python3 tools/tc4_116426_thaumonomicon_full_closure_guard.py
[34/61] PASS  python3 tools/tc4_116425_thaumometer_full_closure_guard.py
[35/61] PASS  python3 tools/tc4_116424_arcane_bore_full_closure_guard.py
[36/61] PASS  python3 tools/tc4_116423_arcane_spa_full_closure_guard.py
[37/61] PASS  python3 tools/tc4_116422_arcane_lamp_full_closure_guard.py
[38/61] PASS  python3 tools/tc4_116421_arcane_pressure_plate_full_closure_guard.py
[39/61] PASS  python3 tools/tc4_116420_arcane_levitator_full_closure_guard.py
[40/61] PASS  python3 tools/tc4_116419_arcane_ear_full_closure_guard.py
[41/61] PASS  python3 tools/tc4_116418_arcane_bellows_full_closure_guard.py
[42/61] PASS  python3 tools/tc4_116417_tallow_candle_full_closure_guard.py
[43/61] PASS  python3 tools/tc4_116416_hungry_chest_full_closure_guard.py
[44/61] PASS  python3 tools/tc4_116415_brain_jar_full_closure_guard.py
[45/61] PASS  python3 tools/tc4_116414_bath_salts_full_closure_guard.py
[46/61] PASS  python3 tools/tc4_116413_unnatural_hunger_full_closure_guard.py
[47/61] PASS  python3 tools/tc4_116412_unnatural_hunger_food_guard.py
[48/61] PASS  python3 tools/tc4_116411_sun_scorned_brightness_guard.py
[49/61] PASS  python3 tools/tc4_116410_death_gaze_cone_guard.py
[50/61] PASS  python3 tools/tc4_116409_warp_research_pool_sync_guard.py
[51/61] PASS  python3 tools/tc4_116408_eldritch_milestone_grant_guard.py
[52/61] PASS  python3 tools/tc4_116407_warp_message_parity_guard.py
[53/61] PASS  python3 tools/tc4_116405_warp_spawn_collision_guard.py
[54/61] PASS  python3 tools/tc4_116404_warp_spawn_offset_guard.py
[55/61] PASS  python3 tools/tc4_116403_warp_runtime_guard.py
[56/61] PASS  python3 tools/java_syntax_guard.py
[57/61] PASS  python3 tools/validate_json_resources.py
[58/61] PASS  python3 tools/validate_runtime_manifest.py --manifest runtime_artifacts/runtime_test_manifest.template.json --version 11.64.37 --template
[59/61] PASS  python3 tools/tc4_recipe_registration_denominator_guard.py
[60/61] PASS  python3 tools/tc4_116394_source_inventory_guard.py
[61/61] PASS  python3 tools/tc4_116394_parity_consolidation_guard.py

FOCUSED STATIC CI v11.64.37: PASS (61/61, segmented execution)
GameTests: 281 unique methods
Runtime manifest: 835 unique scenarios
JSON resources: 2189/2189 PASS
Recipes: 258/258 STATICALLY MAPPED

Raw execution evidence retained in:
- TC4_11.64.37_FOCUSED_STATIC_CI_CONTINUATION.log
- TC4_11.64.37_FOCUSED_STATIC_CI_TAIL.log
- TC4_11.64.37_FOCUSED_STATIC_CI_FIX_RECHECK.log
