Thaumcraft Legacy Rebuild 11.62.81 pre-build static workflow
Commands: 47

[1/47] python3 tools/forge_only_guard.py
Forge-only guard: OK (Forge 1.19.2 / 43.5.2; no NeoForge or TerraBlender)
EXIT_CODE=0

[2/47] python3 tools/java_syntax_guard.py
Java syntax guard: OK
EXIT_CODE=0

[3/47] python3 tools/forge_1192_compile_api_guard.py
Forge 1.19.2 compile API guard: OK
EXIT_CODE=0

[4/47] python3 tools/validate_json_resources.py
JSON resource validation: OK (1961 files)
EXIT_CODE=0

[5/47] python3 tools/visual_parity_guard.py
TC4 visual parity guard: OK
EXIT_CODE=0

[6/47] python3 tools/research_table_guard.py
Research Table integration guard: OK
EXIT_CODE=0

[7/47] python3 tools/research_table_open_guard.py
Research Table open guard: OK
EXIT_CODE=0

[8/47] python3 tools/worldgen_guard.py
Magical Forest worldgen guard: OK (serializable multi-noise source and locate validation)
EXIT_CODE=0

[9/47] python3 tools/feature_cycle_guard.py
Feature cycle guard: OK
EXIT_CODE=0

[10/47] python3 tools/research_expertise_guard.py
Research connection / expertise guard: OK
EXIT_CODE=0

[11/47] python3 tools/thaumometer_scan_guard.py
Thaumometer scan guard: OK (explicit Forge packet, exact per-tick target validation, 25/20 tick TC4 hold)
EXIT_CODE=0

[12/47] python3 tools/runtime_visual_guard.py
Runtime visual guard: OK (BER-only matrix/transducer/table, two-block item, world tags, transparent armor)
EXIT_CODE=0

[13/47] python3 tools/leaves_wand_table_guard.py
Leaves/Wand/Research Table guard: OK (LeavesBlock states, restored TC4 ModelWand transforms and UVs, original two-block BER)
EXIT_CODE=0

[14/47] python3 tools/tc4_original_asset_guard.py
TC4 original texture bank guard: OK — 940 / 940 exact textures
EXIT_CODE=0

[15/47] python3 tools/tc4_runtime_visual_guard.py
TC4 runtime visual parity guard: OK
EXIT_CODE=0

[16/47] python3 tools/runtime_fix_guard.py
Runtime fix guard: OK (wand, node, Thaumometer, research cheat book, Nitor)
EXIT_CODE=0

[17/47] python3 tools/tc4_item_visual_audit.py --version 11.62.81 --fail-on-missing
Item visual audit: 721 models, 0 missing, 0 unresolved, 391 exact-original refs
reports/item_visual_audit_v11.62.81.json
reports/ITEM_VISUAL_AUDIT_V11_62_81.md
EXIT_CODE=0

[18/47] python3 tools/model_transform_audit.py --version 11.62.81 --fail-on-problems
Semantic model audit: 721 models, 0 problems, 0 warnings
reports/model_transform_audit_v11.62.81.json
reports/MODEL_TRANSFORM_AUDIT_V11_62_81.md
EXIT_CODE=0

[19/47] python3 tools/bewlr_contract_audit.py --version 11.62.81 --fail-on-problems
BEWLR audit: 15/15 complete, 0 problems
reports/bewlr_contract_audit_v11.62.81.json
reports/BEWLR_CONTRACT_AUDIT_V11_62_81.md
EXIT_CODE=0

[20/47] python3 tools/aura_node_parity_audit.py --version 11.62.81 --fail-on-problems
Aura-node parity audit: 16/16 passed
reports/aura_node_parity_audit_v11.62.81.json
reports/AURA_NODE_PARITY_AUDIT_V11_62_81.md
EXIT_CODE=0

[21/47] python3 tools/tc4_116245_parity_guard.py
v11.62.45 parity guard: OK (research transaction, book GUI, scanner, nodes, wand lighting)
EXIT_CODE=0

[22/47] python3 tools/tc4_116246_audit_guard.py
v11.62.46 audit guard: OK (v11.62.46+ metadata, 15 registered BEWLR models, node jar/stabilizer parity, no duplicate creative-wand display)
EXIT_CODE=0

[23/47] python3 tools/tc4_116247_arcane_wand_guard.py
v11.62.47 arcane/wand guard: OK (5 shapeless recipes, exact occupied-slot matching, catalyst normalization, player-aware armor/bauble vis discounts, TC4 truncation)
EXIT_CODE=0

[24/47] python3 tools/tc4_116248_node_orb_guard.py
v11.62.48 node/orb guard: OK (local per-node scheduler, TC4 reload phase, unstable-node Aspect Orb emission, hotbar wand pickup, TC4 particle-sheet renderer)
EXIT_CODE=0

[25/47] python3 tools/tc4_116249_aspect_orb_parity_guard.py
v11.62.49 Aspect Orb parity guard: OK (smooth lifetime scale, exact +120 raw lightmap, lava physics, dual TC4 pickup gates and aspect-specific blending)
EXIT_CODE=0

[26/47] python3 tools/tc4_116250_runtime_screenshot_guard.py
v11.62.50 runtime screenshot guard: OK (node HUD/beam, first-person wand, TC4 tables/matrix, starter aspects, Thaumometer and book layout)
EXIT_CODE=0

[27/47] python3 tools/tc4_116251_research_scan_hud_guard.py
v11.62.51 research/scan/HUD guard: OK (single starter pool, TC4 @-scan rewards, map sampling, warp aura, sibling links and animated node tags)
EXIT_CODE=0

[28/47] python3 tools/tc4_116252_runtime_risk_guard.py
v11.62.52 runtime-risk guard: OK (exact browser coordinates, verified 32x32 node atlas, time-correct tag animation, TC4 amount text and logout reset)
EXIT_CODE=0

[29/47] python3 tools/tc4_116253_wand_beam_thaumometer_guard.py
v11.62.53 wand/beam/Thaumometer guard: OK (exact TC4 floaty line, drain lifecycle, ambient scanner body and original glass lightmap)
EXIT_CODE=0

[30/47] python3 tools/tc4_116254_focus_hud_cycle_guard.py
v11.62.54 focus HUD/cycle guard: OK (original 32x32 dial, focus/trade icon, cooldown, TreeMap cycle and transactional rollback)
EXIT_CODE=0

[31/47] python3 tools/audit_registry.py --version 11.62.81 --fail-on-unexpected
Audited 721 item models
Visible clone leaks: 0
Resource problems: 0
Unexpected problems: 0
EXIT_CODE=0

[32/47] python3 tools/generate_tc4_research_runtime_from_source_map.py --check
TC4 research runtime generation check: PASS
EXIT_CODE=0

[33/47] python3 tools/tc4_full_research_thaumonomicon_audit.py --version 11.62.81 --fail-on-problems
/mnt/data/tc_work/116281/reports/tc4_full_research_thaumonomicon_audit_11.62.81.json
{"research_entries": 201, "categories": {"THAUMATURGY": 42, "ARTIFICE": 50, "ALCHEMY": 35, "GOLEMANCY": 39, "BASICS": 19, "ELDRITCH": 16}, "pages": 591, "concealed_pages": 15, "explicit_recipe_keys": 272, "mapped_icons": 201, "missing_icon_textures": 0, "missing_language_keys": 0, "status": "pass"}
EXIT_CODE=0

[34/47] python3 tools/tc4_116270_visual_runtime_regression_guard.py
TC4 11.62.70 regression guard: PASS (100 checks)
EXIT_CODE=0

[35/47] python3 tools/tc4_116271_original_gui_infusion_guard.py
TC4 11.62.81 original GUI/infusion guard: PASS (106 checks)
EXIT_CODE=0

[36/47] python3 tools/tc4_116272_brain_jar_runtime_guard.py
TC4 11.62.81 Brain Jar runtime guard: PASS (58 checks)
EXIT_CODE=0

[37/47] python3 tools/tc4_116273_mirror_runtime_guard.py
TC4 11.62.81 mirror runtime guard: PASS (176/176 checks)
EXIT_CODE=0

[38/47] python3 tools/audit_visual_parity.py --version 11.62.81 --fail-on-p0
Visual parity audit: complete=6, partial=1, runtime PASS 0/7
reports/visual_parity_audit_v11.62.81.json
EXIT_CODE=0

[39/47] python3 tools/tc4_116276_compile_runtime_contract_guard.py
TC4 11.62.81 compile/runtime contract guard: PASS (38 checks)
EXIT_CODE=0

[40/47] python3 tools/tc4_116277_outer_lands_cycle_guard.py
TC4 11.62.77 Outer Lands cycle guard: PASS (37 checks)
EXIT_CODE=0

[41/47] python3 tools/tc4_116278_golem_core_parity_guard.py
PASS: functional golems pre-empt normal tasks for creeper swell avoidance
PASS: creeper avoidance accepts normal swelling and explicit ignition
PASS: creeper avoidance keeps original priority diagnostic
PASS: USE core permits empty-hand action only without a home inventory
PASS: USE marker free-side check follows marker.side rather than opposite
PASS: USE empty-space marker clicks the block behind the marked air cell
PASS: USE navigation still targets the marker location
PASS: USE click acts on resolved interaction position
PASS: FakePlayer first by-product becomes the new carried stack
PASS: fishing core passes the selected water position to the loot roll
PASS: fishing checks junk before treasure like TC4 AIFish
PASS: fishing water quality adjusts junk and treasure chances
PASS: fishing junk table uses explicit TC4-style weights
PASS: runtime manifest contains golems.use_core_marker_side_empty_hand
PASS: runtime manifest contains golems.fishing_water_quality_weighted_loot
PASS: runtime manifest contains golems.creeper_swell_avoidance
PASS: runtime manifest version is v11.62.81
Golem core parity guard: 17/17
EXIT_CODE=0

[42/47] python3 tools/tc4_116279_essentia_transport_parity_guard.py
Essentia transport parity guard: 44/44
STATIC SOURCE CONTRACT PASS; runtime remains NOT TESTED
EXIT_CODE=0

[43/47] python3 tools/tc4_116280_taint_ecology_parity_guard.py
Taint ecology parity guard: 64/64
STATIC SOURCE CONTRACT PASS; runtime remains NOT TESTED
EXIT_CODE=0

[44/47] python3 tools/tc4_116281_warp_eldritch_parity_guard.py
Warp/Eldritch parity guard: 50/50
STATIC SOURCE/NETWORK CONTRACT PASS; runtime remains NOT TESTED
EXIT_CODE=0

[45/47] python3 tools/validate_runtime_manifest.py --manifest runtime_artifacts/runtime_test_manifest.template.json --version 11.62.81 --template
runtime manifest: PASS (59 tests; template=True)
EXIT_CODE=0

[46/47] python3 -m py_compile tools/generate_port_status_v3.py tools/validate_runtime_manifest.py tools/compare_visual_artifacts.py
EXIT_CODE=0

[47/47] python3 tools/generate_port_status_v3.py --version 11.62.81
TC4_PORT_STATUS_V3.md
/mnt/data/tc_work/116281/reports/tc4_port_status_v3_11.62.81.json
release criteria: 0/5; build=FAIL_NO_CONFIRMED_BUILD
EXIT_CODE=0


ALL_PASS=47/47
