Thaumcraft Legacy Rebuild 11.62.82 — aggregated pre-build verification log
UTC_GENERATED=2026-07-15T08:28:39.731069+00:00
TARGET=Minecraft 1.19.2 / Forge 43.5.2 / Java 17
REFERENCE=Thaumcraft 4.2.3.5
METHOD=Each command below was executed independently during this iteration and returned exit code 0. This aggregate intentionally excludes an earlier shell timeout and the pre-fix exact-manifest-count failures. It is not a Gradle build or runtime proof.

[01/48] Forge-only project
COMMAND=python3 tools/forge_only_guard.py
RESULT=PASS

[02/48] Java source text
COMMAND=python3 tools/java_syntax_guard.py
RESULT=PASS

[03/48] Forge 1.19.2 compile API
COMMAND=python3 tools/forge_1192_compile_api_guard.py
RESULT=PASS

[04/48] JSON resources
COMMAND=python3 tools/validate_json_resources.py
RESULT=PASS — 1961 JSON

[05/48] TC4 visual paths
COMMAND=python3 tools/visual_parity_guard.py
RESULT=PASS

[06/48] Integrated Research Table
COMMAND=python3 tools/research_table_guard.py
RESULT=PASS

[07/48] Research Table opening path
COMMAND=python3 tools/research_table_open_guard.py
RESULT=PASS

[08/48] Magical Forest worldgen
COMMAND=python3 tools/worldgen_guard.py
RESULT=PASS

[09/48] Feature-cycle-safe biome generation
COMMAND=python3 tools/feature_cycle_guard.py
RESULT=PASS

[10/48] Research links and Expertise/Mastery
COMMAND=python3 tools/research_expertise_guard.py
RESULT=PASS

[11/48] Thaumometer scanning path
COMMAND=python3 tools/thaumometer_scan_guard.py
RESULT=PASS

[12/48] Screenshot-driven runtime visuals source contract
COMMAND=python3 tools/runtime_visual_guard.py
RESULT=PASS

[13/48] Leaves, wand UV, Research Table renderer
COMMAND=python3 tools/leaves_wand_table_guard.py
RESULT=PASS

[14/48] Original TC4 texture bank
COMMAND=python3 tools/tc4_original_asset_guard.py
RESULT=PASS — 940/940 byte-exact textures

[15/48] TC4 runtime visual source contract
COMMAND=python3 tools/tc4_runtime_visual_guard.py
RESULT=PASS

[16/48] Legacy runtime repairs
COMMAND=python3 tools/runtime_fix_guard.py
RESULT=PASS

[17/48] Every item model and texture chain
COMMAND=python3 tools/tc4_item_visual_audit.py --version 11.62.82 --fail-on-missing
RESULT=PASS — 721 models; missing 0; unresolved 0

[18/48] Parent chains and display transforms
COMMAND=python3 tools/model_transform_audit.py --version 11.62.82 --fail-on-problems
RESULT=PASS — 721 models; problems 0

[19/48] Forge builtin/entity render contracts
COMMAND=python3 tools/bewlr_contract_audit.py --version 11.62.82 --fail-on-problems
RESULT=PASS — 15/15 contracts

[20/48] Aura node / node jar / stabilizer
COMMAND=python3 tools/aura_node_parity_audit.py --version 11.62.82 --fail-on-problems
RESULT=PASS — 16/16 contracts

[21/48] v11.62.45 parity fixes
COMMAND=python3 tools/tc4_116245_parity_guard.py
RESULT=PASS

[22/48] v11.62.46 audit/node regressions
COMMAND=python3 tools/tc4_116246_audit_guard.py
RESULT=PASS

[23/48] v11.62.47 Arcane Workbench/wand costs
COMMAND=python3 tools/tc4_116247_arcane_wand_guard.py
RESULT=PASS

[24/48] v11.62.48 node scheduler/Aspect Orb
COMMAND=python3 tools/tc4_116248_node_orb_guard.py
RESULT=PASS

[25/48] v11.62.49 Aspect Orb renderer/entity
COMMAND=python3 tools/tc4_116249_aspect_orb_parity_guard.py
RESULT=PASS

[26/48] v11.62.50 screenshot fixes
COMMAND=python3 tools/tc4_116250_runtime_screenshot_guard.py
RESULT=PASS

[27/48] v11.62.51 research/scan/node tags
COMMAND=python3 tools/tc4_116251_research_scan_hud_guard.py
RESULT=PASS

[28/48] v11.62.52 runtime-risk hardening
COMMAND=python3 tools/tc4_116252_runtime_risk_guard.py
RESULT=PASS

[29/48] v11.62.53 wand beam/Thaumometer lighting
COMMAND=python3 tools/tc4_116253_wand_beam_thaumometer_guard.py
RESULT=PASS

[30/48] v11.62.54 wand HUD/focus cycling
COMMAND=python3 tools/tc4_116254_focus_hud_cycle_guard.py
RESULT=PASS

[31/48] Registry and resources
COMMAND=python3 tools/audit_registry.py --version 11.62.82 --fail-on-unexpected
RESULT=PASS — 721 item models; unexpected 0

[32/48] Exact TC4 research runtime regeneration
COMMAND=python3 tools/generate_tc4_research_runtime_from_source_map.py --check
RESULT=PASS

[33/48] All TC4 research/Thaumonomicon assets
COMMAND=python3 tools/tc4_full_research_thaumonomicon_audit.py --version 11.62.82 --fail-on-problems
RESULT=PASS — 201 entries; 591 pages; missing icons/lang 0

[34/48] v11.62.70 visual baseline
COMMAND=python3 tools/tc4_116270_visual_runtime_regression_guard.py
RESULT=PASS

[35/48] v11.62.71 GUI/infusion
COMMAND=python3 tools/tc4_116271_original_gui_infusion_guard.py
RESULT=PASS — 106/106

[36/48] Brain in a Jar runtime source contract
COMMAND=python3 tools/tc4_116272_brain_jar_runtime_guard.py
RESULT=PASS

[37/48] Mirror runtime source contract
COMMAND=python3 tools/tc4_116273_mirror_runtime_guard.py
RESULT=PASS

[38/48] P0 custom visual contracts
COMMAND=python3 tools/audit_visual_parity.py --version 11.62.82 --fail-on-p0
RESULT=PASS — source contract only

[39/48] v11.62.76 compile/evidence contracts
COMMAND=python3 tools/tc4_116276_compile_runtime_contract_guard.py
RESULT=PASS

[40/48] v11.62.77 Outer Lands cycle
COMMAND=python3 tools/tc4_116277_outer_lands_cycle_guard.py
RESULT=PASS — 37/37

[41/48] v11.62.78 golem core
COMMAND=python3 tools/tc4_116278_golem_core_parity_guard.py
RESULT=PASS — 17/17

[42/48] v11.62.79 essentia transport
COMMAND=python3 tools/tc4_116279_essentia_transport_parity_guard.py
RESULT=PASS — 44/44; manifest minimum 53

[43/48] v11.62.80 taint ecology
COMMAND=python3 tools/tc4_116280_taint_ecology_parity_guard.py
RESULT=PASS — 64/64; manifest minimum 56

[44/48] v11.62.81 Warp/Eldritch
COMMAND=python3 tools/tc4_116281_warp_eldritch_parity_guard.py
RESULT=PASS — 50/50; manifest minimum 59

[45/48] v11.62.82 research workflow
COMMAND=python3 tools/tc4_116282_research_workflow_parity_guard.py
RESULT=PASS — 25/25

[46/48] Runtime evidence manifest template
COMMAND=python3 tools/validate_runtime_manifest.py --manifest runtime_artifacts/runtime_test_manifest.template.json --version 11.62.82 --template
RESULT=PASS — 62 tests; runtime evidence 0

[47/48] Objective audit tool Python compilation
COMMAND=python3 -m py_compile tools/generate_port_status_v3.py tools/validate_runtime_manifest.py tools/compare_visual_artifacts.py
RESULT=PASS

[48/48] Objective port status generation
COMMAND=python3 tools/generate_port_status_v3.py --version 11.62.82
RESULT=PASS — build FAIL; release criteria 0/5

STATIC_WORKFLOW_RESULT=48/48 PASS
GRADLE_BUILD_RESULT=NOT INCLUDED — see TC4_11.62.82_LOCAL_GRADLE_BUILD_ATTEMPT.log
RUNTIME_RESULT=0/62 — NOT TESTED
JAR_SHA256=N/A
