[1/46] python3 tools/forge_only_guard.py
Forge-only guard: OK (Forge 1.19.2 / 43.5.2; no NeoForge or TerraBlender)
PASS [1]
[2/46] python3 tools/java_syntax_guard.py
Java syntax guard: OK
PASS [2]
[3/46] python3 tools/forge_1192_compile_api_guard.py
Forge 1.19.2 compile API guard: OK
PASS [3]
[4/46] python3 tools/validate_json_resources.py
JSON resource validation: OK (1961 files)
PASS [4]
[5/46] python3 tools/visual_parity_guard.py
TC4 visual parity guard: OK
PASS [5]
[6/46] python3 tools/research_table_guard.py
Research Table integration guard: OK
PASS [6]
[7/46] python3 tools/research_table_open_guard.py
Research Table open guard: OK
PASS [7]
[8/46] python3 tools/worldgen_guard.py
Magical Forest worldgen guard: OK (serializable multi-noise source and locate validation)
PASS [8]
[9/46] python3 tools/feature_cycle_guard.py
Feature cycle guard: OK
PASS [9]
[10/46] python3 tools/research_expertise_guard.py
Research connection / expertise guard: OK
PASS [10]
[11/46] python3 tools/thaumometer_scan_guard.py
Thaumometer scan guard: OK (explicit Forge packet, exact per-tick target validation, 25/20 tick TC4 hold)
PASS [11]
[12/46] python3 tools/runtime_visual_guard.py
Runtime visual guard: OK (BER-only matrix/transducer/table, two-block item, world tags, transparent armor)
PASS [12]
[13/46] python3 tools/leaves_wand_table_guard.py
Leaves/Wand/Research Table guard: OK (LeavesBlock states, restored TC4 ModelWand transforms and UVs, original two-block BER)
PASS [13]
[14/46] python3 tools/tc4_original_asset_guard.py
TC4 original texture bank guard: OK — 940 / 940 exact textures
PASS [14]
[15/46] python3 tools/tc4_runtime_visual_guard.py
TC4 runtime visual parity guard: OK
PASS [15]
[16/46] python3 tools/runtime_fix_guard.py
Runtime fix guard: OK (wand, node, Thaumometer, research cheat book, Nitor)
PASS [16]
[17/46] python3 tools/tc4_item_visual_audit.py --version 11.62.80 --fail-on-missing
Item visual audit: 721 models, 0 missing, 0 unresolved, 391 exact-original refs
reports/item_visual_audit_v11.62.80.json
reports/ITEM_VISUAL_AUDIT_V11_62_80.md
PASS [17]
[18/46] python3 tools/model_transform_audit.py --version 11.62.80 --fail-on-problems
Semantic model audit: 721 models, 0 problems, 0 warnings
reports/model_transform_audit_v11.62.80.json
reports/MODEL_TRANSFORM_AUDIT_V11_62_80.md
PASS [18]
[19/46] python3 tools/bewlr_contract_audit.py --version 11.62.80 --fail-on-problems
BEWLR audit: 15/15 complete, 0 problems
reports/bewlr_contract_audit_v11.62.80.json
reports/BEWLR_CONTRACT_AUDIT_V11_62_80.md
PASS [19]
[20/46] python3 tools/aura_node_parity_audit.py --version 11.62.80 --fail-on-problems
Aura-node parity audit: 16/16 passed
reports/aura_node_parity_audit_v11.62.80.json
reports/AURA_NODE_PARITY_AUDIT_V11_62_80.md
PASS [20]
[21/46] python3 tools/tc4_116245_parity_guard.py
v11.62.45 parity guard: OK (research transaction, book GUI, scanner, nodes, wand lighting)
PASS [21]
[22/46] python3 tools/tc4_116246_audit_guard.py
v11.62.46 audit guard: OK (v11.62.46+ metadata, 15 registered BEWLR models, node jar/stabilizer parity, no duplicate creative-wand display)
PASS [22]
[23/46] python3 tools/tc4_116247_arcane_wand_guard.py
v11.62.47 arcane/wand guard: OK (5 shapeless recipes, exact occupied-slot matching, catalyst normalization, player-aware armor/bauble vis discounts, TC4 truncation)
PASS [23]
[24/46] python3 tools/tc4_116248_node_orb_guard.py
v11.62.48 node/orb guard: OK (local per-node scheduler, TC4 reload phase, unstable-node Aspect Orb emission, hotbar wand pickup, TC4 particle-sheet renderer)
PASS [24]
[25/46] python3 tools/tc4_116249_aspect_orb_parity_guard.py
v11.62.49 Aspect Orb parity guard: OK (smooth lifetime scale, exact +120 raw lightmap, lava physics, dual TC4 pickup gates and aspect-specific blending)
PASS [25]
[26/46] python3 tools/tc4_116250_runtime_screenshot_guard.py
v11.62.50 runtime screenshot guard: OK (node HUD/beam, first-person wand, TC4 tables/matrix, starter aspects, Thaumometer and book layout)
PASS [26]
[27/46] python3 tools/tc4_116251_research_scan_hud_guard.py
v11.62.51 research/scan/HUD guard: OK (single starter pool, TC4 @-scan rewards, map sampling, warp aura, sibling links and animated node tags)
PASS [27]
[28/46] python3 tools/tc4_116252_runtime_risk_guard.py
v11.62.52 runtime-risk guard: OK (exact browser coordinates, verified 32x32 node atlas, time-correct tag animation, TC4 amount text and logout reset)
PASS [28]
[29/46] python3 tools/tc4_116253_wand_beam_thaumometer_guard.py
v11.62.53 wand/beam/Thaumometer guard: OK (exact TC4 floaty line, drain lifecycle, ambient scanner body and original glass lightmap)
PASS [29]
[30/46] python3 tools/tc4_116254_focus_hud_cycle_guard.py
v11.62.54 focus HUD/cycle guard: OK (original 32x32 dial, focus/trade icon, cooldown, TreeMap cycle and transactional rollback)
PASS [30]
[31/46] python3 tools/audit_registry.py --version 11.62.80 --fail-on-unexpected
Audited 721 item models
Visible clone leaks: 0
Resource problems: 0
Unexpected problems: 0
PASS [31]
[32/46] python3 tools/generate_tc4_research_runtime_from_source_map.py --check
TC4 research runtime generation check: PASS
PASS [32]
[33/46] python3 tools/tc4_full_research_thaumonomicon_audit.py --version 11.62.80 --fail-on-problems
/mnt/data/tc_work/116280/current/reports/tc4_full_research_thaumonomicon_audit_11.62.80.json
{"research_entries": 201, "categories": {"THAUMATURGY": 42, "ARTIFICE": 50, "ALCHEMY": 35, "GOLEMANCY": 39, "BASICS": 19, "ELDRITCH": 16}, "pages": 591, "concealed_pages": 15, "explicit_recipe_keys": 272, "mapped_icons": 201, "missing_icon_textures": 0, "missing_language_keys": 0, "status": "pass"}
PASS [33]
[34/46] python3 tools/tc4_116270_visual_runtime_regression_guard.py
TC4 11.62.70 regression guard: PASS (100 checks)
PASS [34]
[35/46] python3 tools/tc4_116271_original_gui_infusion_guard.py
TC4 11.62.80 original GUI/infusion guard: PASS (106 checks)
PASS [35]
[36/46] python3 tools/tc4_116272_brain_jar_runtime_guard.py
TC4 11.62.80 Brain Jar runtime guard: PASS (58 checks)
PASS [36]
[37/46] python3 tools/tc4_116273_mirror_runtime_guard.py
TC4 11.62.80 mirror runtime guard: PASS (176/176 checks)
PASS [37]
[38/46] python3 tools/audit_visual_parity.py --version 11.62.80 --fail-on-p0
Visual parity audit: complete=6, partial=1, runtime PASS 0/7
reports/visual_parity_audit_v11.62.80.json
PASS [38]
[39/46] python3 tools/tc4_116276_compile_runtime_contract_guard.py
TC4 11.62.80 compile/runtime contract guard: PASS (38 checks)
PASS [39]
[40/46] python3 tools/tc4_116277_outer_lands_cycle_guard.py
TC4 11.62.77 Outer Lands cycle guard: PASS (37 checks)
PASS [40]
[41/46] python3 tools/tc4_116278_golem_core_parity_guard.py
PASS: functional golems pre-empt normal tasks for creeper swell avoidance
PASS: creeper avoidance accepts normal swelling and explicit ignition
PASS: creeper avoidance keeps original priority diagnostic
PASS: USE core permits empty-hand action only without a home inventory
PASS: USE marker free-side check follows marker.side rather than opposite
PASS: USE empty-space marker clicks the block behind the marked air cell
PASS: USE navigation still targets the marker location
PASS: USE click acts on resolved interaction position
PASS: FakePlayer first by-product becomes the new carried stack
PASS: fishing core passes the selected water position to the loot roll
PASS: fishing checks junk before treasure like TC4 AIFish
PASS: fishing water quality adjusts junk and treasure chances
PASS: fishing junk table uses explicit TC4-style weights
PASS: runtime manifest contains golems.use_core_marker_side_empty_hand
PASS: runtime manifest contains golems.fishing_water_quality_weighted_loot
PASS: runtime manifest contains golems.creeper_swell_avoidance
PASS: runtime manifest version is v11.62.80
Golem core parity guard: 17/17
PASS [41]
[42/46] python3 tools/tc4_116279_essentia_transport_parity_guard.py
Essentia transport parity guard: 44/44
STATIC SOURCE CONTRACT PASS; runtime remains NOT TESTED
PASS [42]
[43/46] python3 tools/tc4_116280_taint_ecology_parity_guard.py
Taint ecology parity guard: 64/64
STATIC SOURCE CONTRACT PASS; runtime remains NOT TESTED
PASS [43]
[44/46] python3 tools/validate_runtime_manifest.py --manifest runtime_artifacts/runtime_test_manifest.template.json --version 11.62.80 --template
runtime manifest: PASS (56 tests; template=True)
PASS [44]
[45/46] python3 -m py_compile tools/generate_port_status_v3.py tools/validate_runtime_manifest.py tools/compare_visual_artifacts.py
PASS [45]
[46/46] python3 tools/generate_port_status_v3.py --version 11.62.80
TC4_PORT_STATUS_V3.md
/mnt/data/tc_work/116280/current/reports/tc4_port_status_v3_11.62.80.json
release criteria: 0/5; build=FAIL_NO_CONFIRMED_BUILD
PASS [46]
STATIC_WORKFLOW_PASS=46/46
[POST-FIX] Corrected historical source-audit version labels for essentia transport/processing.
[POST-FIX] Regenerated TC4_PORT_STATUS_V3.md for 11.62.80: release criteria 0/5; build FAIL_NO_CONFIRMED_BUILD.
[POST-FIX] Updated KNOWN_DEVIATIONS.md with Taint biome/Swarmer/poison/drop limitations.
[POST-FIX] Documentation-only changes; prior STATIC_WORKFLOW_PASS=46/46 remains applicable.
