=== Thaumcraft Legacy Rebuild 11.62.76 pre-build static CI ===
Target: Minecraft 1.19.2 / Forge 43.5.2 / Java 17
Result: 42/42 pre-build commands PASS

=== Group 1 ===
Forge-only guard: OK (Forge 1.19.2 / 43.5.2; no NeoForge or TerraBlender)
Java syntax guard: OK
Forge 1.19.2 compile API guard: OK
JSON resource validation: OK (1951 files)
TC4 visual parity guard: OK
Research Table integration guard: OK
Research Table open guard: OK
Magical Forest worldgen guard: OK (serializable multi-noise source and locate validation)
Feature cycle guard: OK
Research connection / expertise guard: OK
Thaumometer scan guard: OK (explicit Forge packet, exact per-tick target validation, 25/20 tick TC4 hold)
Runtime visual guard: OK (BER-only matrix/transducer/table, two-block item, world tags, transparent armor)
Leaves/Wand/Research Table guard: OK (LeavesBlock states, restored TC4 ModelWand transforms and UVs, original two-block BER)
TC4 original texture bank guard: OK — 940 / 940 exact textures
TC4 runtime visual parity guard: OK
Runtime fix guard: OK (wand, node, Thaumometer, research cheat book, Nitor)
Item visual audit: 721 models, 0 missing, 0 unresolved, 392 exact-original refs
reports/item_visual_audit_v11.62.76.json
reports/ITEM_VISUAL_AUDIT_V11_62_76.md

=== Group 2 ===
Semantic model audit: 721 models, 0 problems, 0 warnings
reports/model_transform_audit_v11.62.76.json
reports/MODEL_TRANSFORM_AUDIT_V11_62_76.md
BEWLR audit: 15/15 complete, 0 problems
reports/bewlr_contract_audit_v11.62.76.json
reports/BEWLR_CONTRACT_AUDIT_V11_62_76.md
Aura-node parity audit: 16/16 passed
reports/aura_node_parity_audit_v11.62.76.json
reports/AURA_NODE_PARITY_AUDIT_V11_62_76.md
v11.62.45 parity guard: OK (research transaction, book GUI, scanner, nodes, wand lighting)
v11.62.46 audit guard: OK (v11.62.46+ metadata, 15 registered BEWLR models, node jar/stabilizer parity, no duplicate creative-wand display)
v11.62.47 arcane/wand guard: OK (5 shapeless recipes, exact occupied-slot matching, catalyst normalization, player-aware armor/bauble vis discounts, TC4 truncation)
v11.62.48 node/orb guard: OK (local per-node scheduler, TC4 reload phase, unstable-node Aspect Orb emission, hotbar wand pickup, TC4 particle-sheet renderer)
v11.62.49 Aspect Orb parity guard: OK (smooth lifetime scale, exact +120 raw lightmap, lava physics, dual TC4 pickup gates and aspect-specific blending)
v11.62.50 runtime screenshot guard: OK (node HUD/beam, first-person wand, TC4 tables/matrix, starter aspects, Thaumometer and book layout)
v11.62.51 research/scan/HUD guard: OK (single starter pool, TC4 @-scan rewards, map sampling, warp aura, sibling links and animated node tags)
v11.62.52 runtime-risk guard: OK (exact browser coordinates, verified 32x32 node atlas, time-correct tag animation, TC4 amount text and logout reset)
v11.62.53 wand/beam/Thaumometer guard: OK (exact TC4 floaty line, drain lifecycle, ambient scanner body and original glass lightmap)
v11.62.54 focus HUD/cycle guard: OK (original 32x32 dial, focus/trade icon, cooldown, TreeMap cycle and transactional rollback)

=== Group 3 ===
Audited 721 item models
Visible clone leaks: 0
Resource problems: 0
Unexpected problems: 0
TC4 research runtime generation check: PASS
/mnt/data/tc_work/work_116275/reports/tc4_full_research_thaumonomicon_audit_11.62.76.json
{"research_entries": 201, "categories": {"THAUMATURGY": 42, "ARTIFICE": 50, "ALCHEMY": 35, "GOLEMANCY": 39, "BASICS": 19, "ELDRITCH": 16}, "pages": 591, "concealed_pages": 15, "explicit_recipe_keys": 272, "mapped_icons": 201, "missing_icon_textures": 0, "missing_language_keys": 0, "status": "pass"}
TC4 11.62.70 regression guard: PASS (100 checks)
TC4 11.62.76 original GUI/infusion guard: PASS (106 checks)
TC4 11.62.76 Brain Jar runtime guard: PASS (58 checks)
TC4 11.62.76 mirror runtime guard: PASS (176/176 checks)
Visual parity audit: complete=6, partial=1, runtime PASS 0/7
reports/visual_parity_audit_v11.62.76.json
TC4 11.62.76 compile/runtime contract guard: PASS (32 checks)
runtime manifest: PASS (47 tests; template=True)
TC4_PORT_STATUS_V3.md
/mnt/data/tc_work/work_116275/reports/tc4_port_status_v3_11.62.76.json
release criteria: 0/5; build=FAIL_NO_CONFIRMED_BUILD

=== Visual comparison tool self-test ===
{
  "original": "/tmp/tc4_visual_selftest/original.png",
  "port": "/tmp/tc4_visual_selftest/port.png",
  "original_sha256": "8b9b0502dcef135a536ac7998f30b50ade4918e28e154a09f638ae35b67475bb",
  "port_sha256": "27de62fce5b8f1364345ddeb9daf4f9f0011298d42384977b3f4640d19adfbf6",
  "size": [
    32,
    32
  ],
  "port_resized": false,
  "mae_rgb": 0.3125,
  "rmse_rgb": 2.5,
  "max_abs_difference": 20,
  "exact_pixel_ratio_rgba": 0.984375,
  "global_ssim_luma": 0.994934846630003,
  "interpretation": "Diagnostic only; human side-by-side review is required for runtime visual PASS."
}

=== Runtime manifest negative self-test ===
runtime manifest: FAIL (1 problems)
 - p0.bone_bow: PASS requires at least one artifact
Expected result: validator rejects PASS without evidence.

IMPORTANT: this log contains source/resource checks only. gradlew build and runtime are not PASS.

=== Final v11.62.76 contract recheck ===
TC4 11.62.76 compile/runtime contract guard: PASS (38 checks)
runtime manifest: PASS (47 tests; template=True)
TC4_PORT_STATUS_V3.md
/mnt/data/tc_work/work_116275/reports/tc4_port_status_v3_11.62.76.json
release criteria: 0/5; build=FAIL_NO_CONFIRMED_BUILD
